{"total": {"lines":{"total":795,"covered":601,"skipped":0,"pct":75.59},"statements":{"total":824,"covered":611,"skipped":0,"pct":74.15},"functions":{"total":58,"covered":52,"skipped":0,"pct":89.65},"branches":{"total":851,"covered":508,"skipped":0,"pct":59.69},"branchesTrue":{"total":0,"covered":0,"skipped":0,"pct":100}}
,"C:\\Users\\cemgo\\OneDrive\\Masaüstü\\pr-state-bug-hunter\\src\\agents\\bugHunterAgent.js": {"lines":{"total":188,"covered":143,"skipped":0,"pct":76.06},"functions":{"total":8,"covered":6,"skipped":0,"pct":75},"statements":{"total":193,"covered":143,"skipped":0,"pct":74.09},"branches":{"total":185,"covered":107,"skipped":0,"pct":57.83}}
,"C:\\Users\\cemgo\\OneDrive\\Masaüstü\\pr-state-bug-hunter\\src\\analyzer\\astParser.js": {"lines":{"total":355,"covered":216,"skipped":0,"pct":60.84},"functions":{"total":20,"covered":16,"skipped":0,"pct":80},"statements":{"total":365,"covered":216,"skipped":0,"pct":59.17},"branches":{"total":503,"covered":262,"skipped":0,"pct":52.08}}
,"C:\\Users\\cemgo\\OneDrive\\Masaüstü\\pr-state-bug-hunter\\src\\analyzer\\cacheManager.js": {"lines":{"total":17,"covered":15,"skipped":0,"pct":88.23},"functions":{"total":5,"covered":5,"skipped":0,"pct":100},"statements":{"total":17,"covered":15,"skipped":0,"pct":88.23},"branches":{"total":4,"covered":4,"skipped":0,"pct":100}}
,"C:\\Users\\cemgo\\OneDrive\\Masaüstü\\pr-state-bug-hunter\\src\\analyzer\\dependencyGraph.js": {"lines":{"total":113,"covered":108,"skipped":0,"pct":95.57},"functions":{"total":11,"covered":11,"skipped":0,"pct":100},"statements":{"total":120,"covered":111,"skipped":0,"pct":92.5},"branches":{"total":84,"covered":71,"skipped":0,"pct":84.52}}
,"C:\\Users\\cemgo\\OneDrive\\Masaüstü\\pr-state-bug-hunter\\src\\analyzer\\diffParser.js": {"lines":{"total":31,"covered":31,"skipped":0,"pct":100},"functions":{"total":2,"covered":2,"skipped":0,"pct":100},"statements":{"total":34,"covered":34,"skipped":0,"pct":100},"branches":{"total":20,"covered":18,"skipped":0,"pct":90}}
,"C:\\Users\\cemgo\\OneDrive\\Masaüstü\\pr-state-bug-hunter\\src\\analyzer\\languageRegistry.js": {"lines":{"total":18,"covered":17,"skipped":0,"pct":94.44},"functions":{"total":3,"covered":3,"skipped":0,"pct":100},"statements":{"total":19,"covered":18,"skipped":0,"pct":94.73},"branches":{"total":14,"covered":13,"skipped":0,"pct":92.85}}
,"C:\\Users\\cemgo\\OneDrive\\Masaüstü\\pr-state-bug-hunter\\src\\analyzer\\plugins\\javascriptPlugin.js": {"lines":{"total":3,"covered":3,"skipped":0,"pct":100},"functions":{"total":1,"covered":1,"skipped":0,"pct":100},"statements":{"total":3,"covered":3,"skipped":0,"pct":100},"branches":{"total":1,"covered":1,"skipped":0,"pct":100}}
,"C:\\Users\\cemgo\\OneDrive\\Masaüstü\\pr-state-bug-hunter\\src\\github\\octokitClient.js": {"lines":{"total":70,"covered":68,"skipped":0,"pct":97.14},"functions":{"total":8,"covered":8,"skipped":0,"pct":100},"statements":{"total":73,"covered":71,"skipped":0,"pct":97.26},"branches":{"total":40,"covered":32,"skipped":0,"pct":80}}
}
